[2022-12-18T07:57:27.187+0000] {taskinstance.py:1087} INFO - Dependencies all met for <TaskInstance: postgresoperator_demo.create_table_task manual__2022-12-16T14:02:43.186476+00:00 [queued]>
[2022-12-18T07:57:27.221+0000] {taskinstance.py:1087} INFO - Dependencies all met for <TaskInstance: postgresoperator_demo.create_table_task manual__2022-12-16T14:02:43.186476+00:00 [queued]>
[2022-12-18T07:57:27.222+0000] {taskinstance.py:1283} INFO - 
--------------------------------------------------------------------------------
[2022-12-18T07:57:27.222+0000] {taskinstance.py:1284} INFO - Starting attempt 2 of 2
[2022-12-18T07:57:27.223+0000] {taskinstance.py:1285} INFO - 
--------------------------------------------------------------------------------
[2022-12-18T07:57:27.278+0000] {taskinstance.py:1304} INFO - Executing <Task(PostgresOperator): create_table_task> on 2022-12-16 14:02:43.186476+00:00
[2022-12-18T07:57:27.302+0000] {standard_task_runner.py:55} INFO - Started process 1302 to run task
[2022-12-18T07:57:27.345+0000] {standard_task_runner.py:82} INFO - Running: ['***', 'tasks', 'run', 'postgresoperator_demo', 'create_table_task', 'manual__2022-12-16T14:02:43.186476+00:00', '--job-id', '77', '--raw', '--subdir', 'DAGS_FOLDER/my_new_dag.py', '--cfg-path', '/tmp/tmpcxx64wsn']
[2022-12-18T07:57:27.348+0000] {standard_task_runner.py:83} INFO - Job 77: Subtask create_table_task
[2022-12-18T07:58:51.794+0000] {task_command.py:389} INFO - Running <TaskInstance: postgresoperator_demo.create_table_task manual__2022-12-16T14:02:43.186476+00:00 [running]> on host 1ca23c4c3c1c
[2022-12-18T07:59:53.347+0000] {taskinstance.py:1513} INFO - Exporting the following env vars:
AIRFLOW_CTX_DAG_OWNER=***
AIRFLOW_CTX_DAG_ID=postgresoperator_demo
AIRFLOW_CTX_TASK_ID=create_table_task
AIRFLOW_CTX_EXECUTION_DATE=2022-12-16T14:02:43.186476+00:00
AIRFLOW_CTX_TRY_NUMBER=2
AIRFLOW_CTX_DAG_RUN_ID=manual__2022-12-16T14:02:43.186476+00:00
[2022-12-18T07:59:53.358+0000] {sql.py:253} INFO - Executing: 
            CREATE TABLE traffic_data(id INT NOT NULL, track_id INT NOT NULL, type VARCHAR(250) NOT NULL, traveled_d VARCHAR(250) NOT NULL, avg_speed VARCHAR(250) NOT NULL, lat VARCHAR(250) NOT NULL, lon VARCHAR(250) NOT NULL, speed VARCHAR(250) NOT NULL, lon_acc VARCHAR(250) NOT NULL, lat_acc VARCHAR(250) NOT NULL, time VARCHAR(250) NOT NULL);
        
[2022-12-18T07:59:53.505+0000] {base.py:73} INFO - Using connection ID 'postgres_localhost' for task execution.
[2022-12-18T08:00:22.832+0000] {base.py:73} INFO - Using connection ID 'postgres_localhost' for task execution.
[2022-12-18T08:00:23.067+0000] {sql.py:364} INFO - Running statement: 
            CREATE TABLE traffic_data(id INT NOT NULL, track_id INT NOT NULL, type VARCHAR(250) NOT NULL, traveled_d VARCHAR(250) NOT NULL, avg_speed VARCHAR(250) NOT NULL, lat VARCHAR(250) NOT NULL, lon VARCHAR(250) NOT NULL, speed VARCHAR(250) NOT NULL, lon_acc VARCHAR(250) NOT NULL, lat_acc VARCHAR(250) NOT NULL, time VARCHAR(250) NOT NULL);
        , parameters: None
[2022-12-18T08:00:23.239+0000] {taskinstance.py:1327} INFO - Marking task as SUCCESS. dag_id=postgresoperator_demo, task_id=create_table_task, execution_date=20221216T140243, start_date=20221218T075727, end_date=20221218T080023
[2022-12-18T08:00:23.505+0000] {local_task_job.py:159} INFO - Task exited with return code 0
[2022-12-18T08:00:23.602+0000] {taskinstance.py:2582} INFO - 0 downstream tasks scheduled from follow-on schedule check
