[2022-12-16T14:02:47.936+0000] {taskinstance.py:1087} INFO - Dependencies all met for <TaskInstance: postgresoperator_demo.create_table_task manual__2022-12-16T14:02:43.186476+00:00 [queued]>
[2022-12-16T14:02:47.960+0000] {taskinstance.py:1087} INFO - Dependencies all met for <TaskInstance: postgresoperator_demo.create_table_task manual__2022-12-16T14:02:43.186476+00:00 [queued]>
[2022-12-16T14:02:47.961+0000] {taskinstance.py:1283} INFO - 
--------------------------------------------------------------------------------
[2022-12-16T14:02:47.961+0000] {taskinstance.py:1284} INFO - Starting attempt 1 of 1
[2022-12-16T14:02:47.961+0000] {taskinstance.py:1285} INFO - 
--------------------------------------------------------------------------------
[2022-12-16T14:02:47.996+0000] {taskinstance.py:1304} INFO - Executing <Task(PostgresOperator): create_table_task> on 2022-12-16 14:02:43.186476+00:00
[2022-12-16T14:02:48.011+0000] {standard_task_runner.py:55} INFO - Started process 664 to run task
[2022-12-16T14:02:48.032+0000] {standard_task_runner.py:82} INFO - Running: ['***', 'tasks', 'run', 'postgresoperator_demo', 'create_table_task', 'manual__2022-12-16T14:02:43.186476+00:00', '--job-id', '28', '--raw', '--subdir', 'DAGS_FOLDER/my_new_dag.py', '--cfg-path', '/tmp/tmpzgk_9wig']
[2022-12-16T14:02:48.033+0000] {standard_task_runner.py:83} INFO - Job 28: Subtask create_table_task
[2022-12-16T14:02:48.340+0000] {task_command.py:389} INFO - Running <TaskInstance: postgresoperator_demo.create_table_task manual__2022-12-16T14:02:43.186476+00:00 [running]> on host 0d1c0c89de6a
[2022-12-16T14:02:48.760+0000] {taskinstance.py:1513} INFO - Exporting the following env vars:
AIRFLOW_CTX_DAG_OWNER=***
AIRFLOW_CTX_DAG_ID=postgresoperator_demo
AIRFLOW_CTX_TASK_ID=create_table_task
AIRFLOW_CTX_EXECUTION_DATE=2022-12-16T14:02:43.186476+00:00
AIRFLOW_CTX_TRY_NUMBER=1
AIRFLOW_CTX_DAG_RUN_ID=manual__2022-12-16T14:02:43.186476+00:00
[2022-12-16T14:02:48.769+0000] {sql.py:253} INFO - Executing: 
            CREATE TABLE employee (id INT NOT NULL, name VARCHAR(250) NOT NULL, dept VARCHAR(250) NOT NULL);
        
[2022-12-16T14:02:48.831+0000] {base.py:73} INFO - Using connection ID 'postgres_localhost' for task execution.
[2022-12-16T14:02:54.652+0000] {base.py:73} INFO - Using connection ID 'postgres_localhost' for task execution.
[2022-12-16T14:03:08.077+0000] {sql.py:364} INFO - Running statement: 
            CREATE TABLE employee (id INT NOT NULL, name VARCHAR(250) NOT NULL, dept VARCHAR(250) NOT NULL);
        , parameters: None
[2022-12-16T14:03:45.427+0000] {taskinstance.py:1327} INFO - Marking task as SUCCESS. dag_id=postgresoperator_demo, task_id=create_table_task, execution_date=20221216T140243, start_date=20221216T140247, end_date=20221216T140345
[2022-12-16T14:04:32.641+0000] {local_task_job.py:159} INFO - Task exited with return code 0
[2022-12-16T14:04:33.137+0000] {taskinstance.py:2582} INFO - 1 downstream tasks scheduled from follow-on schedule check
