[2022-12-16T13:23:28.641+0000] {taskinstance.py:1087} INFO - Dependencies all met for <TaskInstance: dag_with_postgres_operator_v01.create_postgres_table manual__2022-12-16T10:07:50+00:00 [queued]>
[2022-12-16T13:23:39.741+0000] {taskinstance.py:1087} INFO - Dependencies all met for <TaskInstance: dag_with_postgres_operator_v01.create_postgres_table manual__2022-12-16T10:07:50+00:00 [queued]>
[2022-12-16T13:23:39.770+0000] {taskinstance.py:1283} INFO - 
--------------------------------------------------------------------------------
[2022-12-16T13:23:39.779+0000] {taskinstance.py:1284} INFO - Starting attempt 1 of 6
[2022-12-16T13:23:39.781+0000] {taskinstance.py:1285} INFO - 
--------------------------------------------------------------------------------
[2022-12-16T13:23:40.773+0000] {taskinstance.py:1304} INFO - Executing <Task(PostgresOperator): create_postgres_table> on 2022-12-16 10:07:50+00:00
[2022-12-16T13:23:40.819+0000] {standard_task_runner.py:55} INFO - Started process 140 to run task
[2022-12-16T13:23:41.160+0000] {standard_task_runner.py:82} INFO - Running: ['***', 'tasks', 'run', 'dag_with_postgres_operator_v01', 'create_postgres_table', 'manual__2022-12-16T10:07:50+00:00', '--job-id', '18', '--raw', '--subdir', 'DAGS_FOLDER/dag_with_postgres_operator.py', '--cfg-path', '/tmp/tmplyxu313l']
[2022-12-16T13:23:41.166+0000] {standard_task_runner.py:83} INFO - Job 18: Subtask create_postgres_table
[2022-12-16T13:23:43.399+0000] {task_command.py:389} INFO - Running <TaskInstance: dag_with_postgres_operator_v01.create_postgres_table manual__2022-12-16T10:07:50+00:00 [running]> on host 0d1c0c89de6a
[2022-12-16T13:24:14.741+0000] {taskinstance.py:1513} INFO - Exporting the following env vars:
AIRFLOW_CTX_DAG_OWNER=tibarekb
AIRFLOW_CTX_DAG_ID=dag_with_postgres_operator_v01
AIRFLOW_CTX_TASK_ID=create_postgres_table
AIRFLOW_CTX_EXECUTION_DATE=2022-12-16T10:07:50+00:00
AIRFLOW_CTX_TRY_NUMBER=1
AIRFLOW_CTX_DAG_RUN_ID=manual__2022-12-16T10:07:50+00:00
[2022-12-16T13:24:14.791+0000] {sql.py:253} INFO - Executing: 
        create table if not exists dag_runs(
            dt date,
            dag_id character varying,
            primary key (dt, dag_id)
        )
        
[2022-12-16T13:24:15.013+0000] {base.py:73} INFO - Using connection ID 'postgres_localhost' for task execution.
[2022-12-16T13:24:31.755+0000] {local_task_job.py:159} INFO - Task exited with return code Negsignal.SIGKILL
[2022-12-16T13:24:33.169+0000] {taskinstance.py:2582} INFO - 0 downstream tasks scheduled from follow-on schedule check
