[2022-12-16T13:39:25.008+0000] {taskinstance.py:1087} INFO - Dependencies all met for <TaskInstance: dag_with_postgres_operator_v01.create_postgres_table manual__2022-12-16T10:07:50+00:00 [queued]>
[2022-12-16T13:39:25.605+0000] {taskinstance.py:1087} INFO - Dependencies all met for <TaskInstance: dag_with_postgres_operator_v01.create_postgres_table manual__2022-12-16T10:07:50+00:00 [queued]>
[2022-12-16T13:39:25.710+0000] {taskinstance.py:1283} INFO - 
--------------------------------------------------------------------------------
[2022-12-16T13:39:25.712+0000] {taskinstance.py:1284} INFO - Starting attempt 2 of 6
[2022-12-16T13:39:25.733+0000] {taskinstance.py:1285} INFO - 
--------------------------------------------------------------------------------
[2022-12-16T13:39:51.200+0000] {taskinstance.py:1304} INFO - Executing <Task(PostgresOperator): create_postgres_table> on 2022-12-16 10:07:50+00:00
[2022-12-16T13:39:51.838+0000] {standard_task_runner.py:55} INFO - Started process 125 to run task
[2022-12-16T13:40:01.972+0000] {standard_task_runner.py:82} INFO - Running: ['***', 'tasks', 'run', 'dag_with_postgres_operator_v01', 'create_postgres_table', 'manual__2022-12-16T10:07:50+00:00', '--job-id', '26', '--raw', '--subdir', 'DAGS_FOLDER/dag_with_postgres_operator.py', '--cfg-path', '/tmp/tmpnvty3kcg']
[2022-12-16T13:40:04.108+0000] {standard_task_runner.py:83} INFO - Job 26: Subtask create_postgres_table
[2022-12-16T13:40:45.690+0000] {task_command.py:389} INFO - Running <TaskInstance: dag_with_postgres_operator_v01.create_postgres_table manual__2022-12-16T10:07:50+00:00 [running]> on host 0d1c0c89de6a
[2022-12-16T13:40:48.179+0000] {taskinstance.py:1513} INFO - Exporting the following env vars:
AIRFLOW_CTX_DAG_OWNER=tibarekb
AIRFLOW_CTX_DAG_ID=dag_with_postgres_operator_v01
AIRFLOW_CTX_TASK_ID=create_postgres_table
AIRFLOW_CTX_EXECUTION_DATE=2022-12-16T10:07:50+00:00
AIRFLOW_CTX_TRY_NUMBER=2
AIRFLOW_CTX_DAG_RUN_ID=manual__2022-12-16T10:07:50+00:00
[2022-12-16T13:40:48.415+0000] {sql.py:253} INFO - Executing: 
        create table if not exists dag_runs(
            dt date,
            dag_id character varying,
            primary key (dt, dag_id)
        )
        
