

============================== 2022-12-18 10:40:53.779654 | 2cc14234-de90-4b04-bc30-f3fa21afb566 ==============================
[0m10:40:53.779677 [info ] [MainThread]: Running with dbt=1.3.1
[0m10:40:53.780378 [debug] [MainThread]: running dbt with arguments {'write_json': True, 'use_colors': True, 'printer_width': 80, 'version_check': True, 'partial_parse': True, 'static_parser': True, 'profiles_dir': '/home/tibarek/.dbt', 'send_anonymous_usage_stats': True, 'event_buffer_size': 100000, 'quiet': False, 'no_print': False, 'project_name': 'traffic_data', 'skip_profile_setup': False, 'which': 'init', 'indirect_selection': 'eager'}
[0m10:40:53.780664 [debug] [MainThread]: Tracking: tracking
[0m10:40:53.782822 [debug] [MainThread]: Sending event: {'category': 'dbt', 'action': 'invocation', 'label': 'start', 'context': [<snowplow_tracker.self_describing_json.SelfDescribingJson object at 0x7f55218090c0>, <snowplow_tracker.self_describing_json.SelfDescribingJson object at 0x7f5521809450>, <snowplow_tracker.self_describing_json.SelfDescribingJson object at 0x7f5521809270>]}
[0m10:40:53.785012 [debug] [MainThread]: Starter project path: /home/tibarek/.local/lib/python3.10/site-packages/dbt/include/starter_project
[0m10:41:02.664183 [debug] [MainThread]: Sending event: {'category': 'dbt', 'action': 'invocation', 'label': 'end', 'context': [<snowplow_tracker.self_describing_json.SelfDescribingJson object at 0x7f5521809060>, <snowplow_tracker.self_describing_json.SelfDescribingJson object at 0x7f5521809c60>, <snowplow_tracker.self_describing_json.SelfDescribingJson object at 0x7f552180bb20>]}
[0m10:41:02.664866 [debug] [MainThread]: Flushing usage events
[0m10:41:08.815268 [debug] [MainThread]: Error sending anonymous usage statistics. Disabling tracking for this execution. If you wish to permanently disable tracking, see: https://docs.getdbt.com/reference/global-configs#send-anonymous-usage-stats.


============================== 2022-12-18 10:41:29.692086 | a0e13ee6-797a-4c62-bfe9-4632a38e98d0 ==============================
[0m10:41:29.692104 [info ] [MainThread]: Running with dbt=1.3.1
[0m10:41:29.692765 [debug] [MainThread]: running dbt with arguments {'write_json': True, 'use_colors': True, 'printer_width': 80, 'version_check': True, 'partial_parse': True, 'static_parser': True, 'profiles_dir': '/home/tibarek/.dbt', 'send_anonymous_usage_stats': True, 'event_buffer_size': 100000, 'quiet': False, 'no_print': False, 'project_name': 'dbt_traffic_data', 'skip_profile_setup': False, 'which': 'init', 'indirect_selection': 'eager'}
[0m10:41:29.693126 [debug] [MainThread]: Tracking: tracking
[0m10:41:29.695730 [debug] [MainThread]: Sending event: {'category': 'dbt', 'action': 'invocation', 'label': 'start', 'context': [<snowplow_tracker.self_describing_json.SelfDescribingJson object at 0x7f7687de9090>, <snowplow_tracker.self_describing_json.SelfDescribingJson object at 0x7f7687de9d50>, <snowplow_tracker.self_describing_json.SelfDescribingJson object at 0x7f7687de9c90>]}
[0m10:41:29.697760 [debug] [MainThread]: Starter project path: /home/tibarek/.local/lib/python3.10/site-packages/dbt/include/starter_project
[0m10:41:31.138333 [info ] [MainThread]: 
Your new dbt project "dbt_traffic_data" was created!

For more information on how to configure the profiles.yml file,
please consult the dbt documentation here:

  https://docs.getdbt.com/docs/configure-your-profile

One more thing:

Need help? Don't hesitate to reach out to us via GitHub issues or on Slack:

  https://community.getdbt.com/

Happy modeling!

[0m10:41:31.139160 [debug] [MainThread]: Sending event: {'category': 'dbt', 'action': 'invocation', 'label': 'end', 'context': [<snowplow_tracker.self_describing_json.SelfDescribingJson object at 0x7f7687c226b0>, <snowplow_tracker.self_describing_json.SelfDescribingJson object at 0x7f7687de9c90>, <snowplow_tracker.self_describing_json.SelfDescribingJson object at 0x7f7687de9d50>]}
[0m10:41:31.139682 [debug] [MainThread]: Flushing usage events
