[2022-12-16T13:23:43.087+0000] {taskinstance.py:1087} INFO - Dependencies all met for <TaskInstance: dag_with_postgres_operator_v01.create_postgres_table manual__2022-12-16T10:07:44.237669+00:00 [queued]>
[2022-12-16T13:23:43.633+0000] {taskinstance.py:1087} INFO - Dependencies all met for <TaskInstance: dag_with_postgres_operator_v01.create_postgres_table manual__2022-12-16T10:07:44.237669+00:00 [queued]>
[2022-12-16T13:23:43.664+0000] {taskinstance.py:1283} INFO - 
--------------------------------------------------------------------------------
[2022-12-16T13:23:43.667+0000] {taskinstance.py:1284} INFO - Starting attempt 1 of 6
[2022-12-16T13:23:43.670+0000] {taskinstance.py:1285} INFO - 
--------------------------------------------------------------------------------
[2022-12-16T13:24:12.864+0000] {taskinstance.py:1304} INFO - Executing <Task(PostgresOperator): create_postgres_table> on 2022-12-16 10:07:44.237669+00:00
[2022-12-16T13:24:13.066+0000] {standard_task_runner.py:55} INFO - Started process 143 to run task
[2022-12-16T13:24:13.399+0000] {standard_task_runner.py:82} INFO - Running: ['***', 'tasks', 'run', 'dag_with_postgres_operator_v01', 'create_postgres_table', 'manual__2022-12-16T10:07:44.237669+00:00', '--job-id', '20', '--raw', '--subdir', 'DAGS_FOLDER/dag_with_postgres_operator.py', '--cfg-path', '/tmp/tmp9bxm00qy']
[2022-12-16T13:24:13.464+0000] {standard_task_runner.py:83} INFO - Job 20: Subtask create_postgres_table
[2022-12-16T13:24:15.608+0000] {task_command.py:389} INFO - Running <TaskInstance: dag_with_postgres_operator_v01.create_postgres_table manual__2022-12-16T10:07:44.237669+00:00 [running]> on host 0d1c0c89de6a
[2022-12-16T13:24:31.064+0000] {taskinstance.py:1513} INFO - Exporting the following env vars:
AIRFLOW_CTX_DAG_OWNER=tibarekb
AIRFLOW_CTX_DAG_ID=dag_with_postgres_operator_v01
AIRFLOW_CTX_TASK_ID=create_postgres_table
AIRFLOW_CTX_EXECUTION_DATE=2022-12-16T10:07:44.237669+00:00
AIRFLOW_CTX_TRY_NUMBER=1
AIRFLOW_CTX_DAG_RUN_ID=manual__2022-12-16T10:07:44.237669+00:00
[2022-12-16T13:24:31.153+0000] {sql.py:253} INFO - Executing: 
        create table if not exists dag_runs(
            dt date,
            dag_id character varying,
            primary key (dt, dag_id)
        )
        
[2022-12-16T13:24:31.809+0000] {base.py:73} INFO - Using connection ID 'postgres_localhost' for task execution.
[2022-12-16T13:24:35.632+0000] {local_task_job.py:159} INFO - Task exited with return code Negsignal.SIGKILL
[2022-12-16T13:24:42.231+0000] {taskinstance.py:2582} INFO - 0 downstream tasks scheduled from follow-on schedule check
