[2022-12-16T13:38:32.605+0000] {taskinstance.py:1087} INFO - Dependencies all met for <TaskInstance: dag_with_postgres_operator_v01.create_postgres_table manual__2022-12-16T10:07:44.237669+00:00 [queued]>
[2022-12-16T13:38:34.134+0000] {taskinstance.py:1087} INFO - Dependencies all met for <TaskInstance: dag_with_postgres_operator_v01.create_postgres_table manual__2022-12-16T10:07:44.237669+00:00 [queued]>
[2022-12-16T13:38:34.208+0000] {taskinstance.py:1283} INFO - 
--------------------------------------------------------------------------------
[2022-12-16T13:38:34.250+0000] {taskinstance.py:1284} INFO - Starting attempt 2 of 6
[2022-12-16T13:38:34.268+0000] {taskinstance.py:1285} INFO - 
--------------------------------------------------------------------------------
[2022-12-16T13:38:35.157+0000] {taskinstance.py:1304} INFO - Executing <Task(PostgresOperator): create_postgres_table> on 2022-12-16 10:07:44.237669+00:00
[2022-12-16T13:38:35.230+0000] {standard_task_runner.py:55} INFO - Started process 112 to run task
[2022-12-16T13:38:35.493+0000] {standard_task_runner.py:82} INFO - Running: ['***', 'tasks', 'run', 'dag_with_postgres_operator_v01', 'create_postgres_table', 'manual__2022-12-16T10:07:44.237669+00:00', '--job-id', '24', '--raw', '--subdir', 'DAGS_FOLDER/dag_with_postgres_operator.py', '--cfg-path', '/tmp/tmp4rpdw5fb']
[2022-12-16T13:38:35.522+0000] {standard_task_runner.py:83} INFO - Job 24: Subtask create_postgres_table
[2022-12-16T13:38:37.568+0000] {task_command.py:389} INFO - Running <TaskInstance: dag_with_postgres_operator_v01.create_postgres_table manual__2022-12-16T10:07:44.237669+00:00 [running]> on host 0d1c0c89de6a
[2022-12-16T13:38:40.281+0000] {taskinstance.py:1513} INFO - Exporting the following env vars:
AIRFLOW_CTX_DAG_OWNER=tibarekb
AIRFLOW_CTX_DAG_ID=dag_with_postgres_operator_v01
AIRFLOW_CTX_TASK_ID=create_postgres_table
AIRFLOW_CTX_EXECUTION_DATE=2022-12-16T10:07:44.237669+00:00
AIRFLOW_CTX_TRY_NUMBER=2
AIRFLOW_CTX_DAG_RUN_ID=manual__2022-12-16T10:07:44.237669+00:00
[2022-12-16T13:38:40.323+0000] {sql.py:253} INFO - Executing: 
        create table if not exists dag_runs(
            dt date,
            dag_id character varying,
            primary key (dt, dag_id)
        )
        
[2022-12-16T13:39:24.825+0000] {local_task_job.py:159} INFO - Task exited with return code Negsignal.SIGKILL
[2022-12-16T13:39:26.229+0000] {taskinstance.py:2582} INFO - 0 downstream tasks scheduled from follow-on schedule check
