[2022-12-16T14:06:29.550+0000] {taskinstance.py:1087} INFO - Dependencies all met for <TaskInstance: postgresoperator_demo.insert_data_task manual__2022-12-16T14:02:43.186476+00:00 [queued]>
[2022-12-16T14:06:29.726+0000] {taskinstance.py:1087} INFO - Dependencies all met for <TaskInstance: postgresoperator_demo.insert_data_task manual__2022-12-16T14:02:43.186476+00:00 [queued]>
[2022-12-16T14:06:29.736+0000] {taskinstance.py:1283} INFO - 
--------------------------------------------------------------------------------
[2022-12-16T14:06:29.740+0000] {taskinstance.py:1284} INFO - Starting attempt 1 of 1
[2022-12-16T14:06:29.744+0000] {taskinstance.py:1285} INFO - 
--------------------------------------------------------------------------------
[2022-12-16T14:06:29.916+0000] {taskinstance.py:1304} INFO - Executing <Task(PostgresOperator): insert_data_task> on 2022-12-16 14:02:43.186476+00:00
[2022-12-16T14:06:29.957+0000] {standard_task_runner.py:55} INFO - Started process 701 to run task
[2022-12-16T14:06:30.039+0000] {standard_task_runner.py:82} INFO - Running: ['***', 'tasks', 'run', 'postgresoperator_demo', 'insert_data_task', 'manual__2022-12-16T14:02:43.186476+00:00', '--job-id', '29', '--raw', '--subdir', 'DAGS_FOLDER/my_new_dag.py', '--cfg-path', '/tmp/tmpn0lm7gvy']
[2022-12-16T14:06:30.048+0000] {standard_task_runner.py:83} INFO - Job 29: Subtask insert_data_task
[2022-12-16T14:06:30.741+0000] {task_command.py:389} INFO - Running <TaskInstance: postgresoperator_demo.insert_data_task manual__2022-12-16T14:02:43.186476+00:00 [running]> on host 0d1c0c89de6a
[2022-12-16T14:06:31.157+0000] {taskinstance.py:1513} INFO - Exporting the following env vars:
AIRFLOW_CTX_DAG_OWNER=***
AIRFLOW_CTX_DAG_ID=postgresoperator_demo
AIRFLOW_CTX_TASK_ID=insert_data_task
AIRFLOW_CTX_EXECUTION_DATE=2022-12-16T14:02:43.186476+00:00
AIRFLOW_CTX_TRY_NUMBER=1
AIRFLOW_CTX_DAG_RUN_ID=manual__2022-12-16T14:02:43.186476+00:00
[2022-12-16T14:06:31.160+0000] {sql.py:253} INFO - Executing: 
                insert into employee (id, name, dept) values(1, 'vamshi','bigdata'),(2, 'divya','bigdata'),(3, 'binny','projectmanager'),
                (4, 'omair','projectmanager') (5, 'gtyuu','projectmanager') ;
              
[2022-12-16T14:06:31.234+0000] {base.py:73} INFO - Using connection ID 'postgres_localhost' for task execution.
