[2022-12-18T10:28:50.237+0000] {taskinstance.py:1087} INFO - Dependencies all met for <TaskInstance: postgresoperator_demo.insert_data_task manual__2022-12-16T14:02:43.186476+00:00 [queued]>
[2022-12-18T10:28:50.281+0000] {taskinstance.py:1087} INFO - Dependencies all met for <TaskInstance: postgresoperator_demo.insert_data_task manual__2022-12-16T14:02:43.186476+00:00 [queued]>
[2022-12-18T10:28:50.282+0000] {taskinstance.py:1283} INFO - 
--------------------------------------------------------------------------------
[2022-12-18T10:28:50.283+0000] {taskinstance.py:1284} INFO - Starting attempt 4 of 4
[2022-12-18T10:28:50.283+0000] {taskinstance.py:1285} INFO - 
--------------------------------------------------------------------------------
[2022-12-18T10:28:50.329+0000] {taskinstance.py:1304} INFO - Executing <Task(PostgresOperator): insert_data_task> on 2022-12-16 14:02:43.186476+00:00
[2022-12-18T10:28:50.343+0000] {standard_task_runner.py:55} INFO - Started process 770 to run task
[2022-12-18T10:28:50.359+0000] {standard_task_runner.py:82} INFO - Running: ['***', 'tasks', 'run', 'postgresoperator_demo', 'insert_data_task', 'manual__2022-12-16T14:02:43.186476+00:00', '--job-id', '82', '--raw', '--subdir', 'DAGS_FOLDER/my_new_dag.py', '--cfg-path', '/tmp/tmp4kq3s6z6']
[2022-12-18T10:28:50.361+0000] {standard_task_runner.py:83} INFO - Job 82: Subtask insert_data_task
[2022-12-18T10:28:50.534+0000] {task_command.py:389} INFO - Running <TaskInstance: postgresoperator_demo.insert_data_task manual__2022-12-16T14:02:43.186476+00:00 [running]> on host 1ca23c4c3c1c
[2022-12-18T10:28:50.700+0000] {taskinstance.py:1513} INFO - Exporting the following env vars:
AIRFLOW_CTX_DAG_OWNER=***
AIRFLOW_CTX_DAG_ID=postgresoperator_demo
AIRFLOW_CTX_TASK_ID=insert_data_task
AIRFLOW_CTX_EXECUTION_DATE=2022-12-16T14:02:43.186476+00:00
AIRFLOW_CTX_TRY_NUMBER=4
AIRFLOW_CTX_DAG_RUN_ID=manual__2022-12-16T14:02:43.186476+00:00
[2022-12-18T10:28:50.704+0000] {sql.py:253} INFO - Executing: 
                    COPY traffic_data(id, track_id, type, traveled_d, avg_speed, lat, lon, speed, lon_acc, lat_acc, time)
                    FROM './traffic_data2.csv'
                    DELIMITER ','
                    CSV HEADER;
              
[2022-12-18T10:28:50.726+0000] {base.py:73} INFO - Using connection ID 'postgres_localhost' for task execution.
[2022-12-18T10:28:51.531+0000] {base.py:73} INFO - Using connection ID 'postgres_localhost' for task execution.
[2022-12-18T10:28:51.552+0000] {sql.py:364} INFO - Running statement: 
                    COPY traffic_data(id, track_id, type, traveled_d, avg_speed, lat, lon, speed, lon_acc, lat_acc, time)
                    FROM './traffic_data2.csv'
                    DELIMITER ','
                    CSV HEADER;
              , parameters: None
[2022-12-18T10:28:51.573+0000] {sql.py:373} INFO - Rows affected: 922
[2022-12-18T10:28:51.632+0000] {taskinstance.py:1327} INFO - Marking task as SUCCESS. dag_id=postgresoperator_demo, task_id=insert_data_task, execution_date=20221216T140243, start_date=20221218T102850, end_date=20221218T102851
[2022-12-18T10:28:51.732+0000] {local_task_job.py:159} INFO - Task exited with return code 0
[2022-12-18T10:28:51.783+0000] {taskinstance.py:2582} INFO - 0 downstream tasks scheduled from follow-on schedule check
