[2022-12-18T01:01:37.536+0000] {taskinstance.py:1087} INFO - Dependencies all met for <TaskInstance: postgres_with_airflow.create_table_task manual__2022-12-18T00:23:41.975796+00:00 [queued]>
[2022-12-18T01:01:37.656+0000] {taskinstance.py:1087} INFO - Dependencies all met for <TaskInstance: postgres_with_airflow.create_table_task manual__2022-12-18T00:23:41.975796+00:00 [queued]>
[2022-12-18T01:01:37.658+0000] {taskinstance.py:1283} INFO - 
--------------------------------------------------------------------------------
[2022-12-18T01:01:37.665+0000] {taskinstance.py:1284} INFO - Starting attempt 2 of 2
[2022-12-18T01:01:37.666+0000] {taskinstance.py:1285} INFO - 
--------------------------------------------------------------------------------
[2022-12-18T01:01:37.760+0000] {taskinstance.py:1304} INFO - Executing <Task(PostgresOperator): create_table_task> on 2022-12-18 00:23:41.975796+00:00
[2022-12-18T01:01:37.789+0000] {standard_task_runner.py:55} INFO - Started process 214 to run task
[2022-12-18T01:01:37.837+0000] {standard_task_runner.py:82} INFO - Running: ['***', 'tasks', 'run', 'postgres_with_***', 'create_table_task', 'manual__2022-12-18T00:23:41.975796+00:00', '--job-id', '60', '--raw', '--subdir', 'DAGS_FOLDER/dag_with_postgres.py', '--cfg-path', '/tmp/tmph_90aasy']
[2022-12-18T01:01:37.844+0000] {standard_task_runner.py:83} INFO - Job 60: Subtask create_table_task
[2022-12-18T01:01:38.385+0000] {task_command.py:389} INFO - Running <TaskInstance: postgres_with_airflow.create_table_task manual__2022-12-18T00:23:41.975796+00:00 [running]> on host f376bb2680d1
[2022-12-18T01:01:38.912+0000] {taskinstance.py:1513} INFO - Exporting the following env vars:
AIRFLOW_CTX_DAG_OWNER=***
AIRFLOW_CTX_DAG_ID=postgres_with_***
AIRFLOW_CTX_TASK_ID=create_table_task
AIRFLOW_CTX_EXECUTION_DATE=2022-12-18T00:23:41.975796+00:00
AIRFLOW_CTX_TRY_NUMBER=2
AIRFLOW_CTX_DAG_RUN_ID=manual__2022-12-18T00:23:41.975796+00:00
[2022-12-18T01:01:38.916+0000] {sql.py:253} INFO - Executing: 
            CREATE TABLE traffic_data(id INT NOT NULL, track_id INT NOT NULL, type VARCHAR(250) NOT NULL, traveled_d VARCHAR(250) NOT NULL, avg_speed VARCHAR(250) NOT NULL, lat VARCHAR(250) NOT NULL, lon VARCHAR(250) NOT NULL, speed VARCHAR(250) NOT NULL, lon_acc VARCHAR(250) NOT NULL, lat_acc VARCHAR(250) NOT NULL, time VARCHAR(250) NOT NULL);
        
[2022-12-18T01:01:38.953+0000] {base.py:73} INFO - Using connection ID '***_dbt_setup' for task execution.
